gyp info it worked if it ends with ok
gyp info using node-gyp@8.2.0
gyp info using node@16.13.0 | darwin | arm64
gyp info find Python using Python version 3.8.9 found at "/Library/Developer/CommandLineTools/usr/bin/python3"
gyp info spawn /Library/Developer/CommandLineTools/usr/bin/python3
gyp info spawn args [
gyp info spawn args   '/Users/jaylee/.nvm/versions/node/v16.13.0/lib/node_modules/npm/node_modules/node-gyp/gyp/gyp_main.py',
gyp info spawn args   'binding.gyp',
gyp info spawn args   '-f',
gyp info spawn args   'make',
gyp info spawn args   '-I',
gyp info spawn args   '/Users/jaylee/phase4project/boardgames/node_modules/ws/build/config.gypi',
gyp info spawn args   '-I',
gyp info spawn args   '/Users/jaylee/.nvm/versions/node/v16.13.0/lib/node_modules/npm/node_modules/node-gyp/addon.gypi',
gyp info spawn args   '-I',
gyp info spawn args   '/Users/jaylee/Library/Caches/node-gyp/16.13.0/include/node/common.gypi',
gyp info spawn args   '-Dlibrary=shared_library',
gyp info spawn args   '-Dvisibility=default',
gyp info spawn args   '-Dnode_root_dir=/Users/jaylee/Library/Caches/node-gyp/16.13.0',
gyp info spawn args   '-Dnode_gyp_dir=/Users/jaylee/.nvm/versions/node/v16.13.0/lib/node_modules/npm/node_modules/node-gyp',
gyp info spawn args   '-Dnode_lib_file=/Users/jaylee/Library/Caches/node-gyp/16.13.0/<(target_arch)/node.lib',
gyp info spawn args   '-Dmodule_root_dir=/Users/jaylee/phase4project/boardgames/node_modules/ws',
gyp info spawn args   '-Dnode_engine=v8',
gyp info spawn args   '--depth=.',
gyp info spawn args   '--no-parallel',
gyp info spawn args   '--generator-output',
gyp info spawn args   'build',
gyp info spawn args   '-Goutput_dir=.'
gyp info spawn args ]
gyp info spawn make
gyp info spawn args [ 'BUILDTYPE=Release', '-C', 'build' ]
In file included from ../src/bufferutil.cc:15:
/Users/jaylee/phase4project/boardgames/node_modules/nan/nan.h:107:11: error: no template named 'Handle' in namespace 'v8'
    , v8::Handle<v8::String> opt, bool def) {
      ~~~~^
/Users/jaylee/phase4project/boardgames/node_modules/nan/nan.h:122:11: error: no template named 'Handle' in namespace 'v8'
    , v8::Handle<v8::String> opt) {
      ~~~~^
/Users/jaylee/phase4project/boardgames/node_modules/nan/nan.h:128:11: error: no template named 'Handle' in namespace 'v8'
    , v8::Handle<v8::String> opt
      ~~~~^
/Users/jaylee/phase4project/boardgames/node_modules/nan/nan.h:213:5: error: no member named 'ThrowException' in namespace 'v8'
    _NAN_THROW_ERROR(v8::Exception::Error, errmsg);
    ^~~~~~~~~~~~~~~~~~~~~~~~~~~~~~~~~~~~~~~~~~~~~~
/Users/jaylee/phase4project/boardgames/node_modules/nan/nan.h:209:11: note: expanded from macro '_NAN_THROW_ERROR'
      v8::ThrowException(fun(v8::String::New(errmsg)));                        \
      ~~~~^
/Users/jaylee/phase4project/boardgames/node_modules/nan/nan.h:213:5: error: no member named 'New' in 'v8::String'
    _NAN_THROW_ERROR(v8::Exception::Error, errmsg);
    ^~~~~~~~~~~~~~~~~~~~~~~~~~~~~~~~~~~~~~~~~~~~~~
/Users/jaylee/phase4project/boardgames/node_modules/nan/nan.h:209:42: note: expanded from macro '_NAN_THROW_ERROR'
      v8::ThrowException(fun(v8::String::New(errmsg)));                        \
                             ~~~~~~~~~~~~^
/Users/jaylee/phase4project/boardgames/node_modules/nan/nan.h:216:3: warning: inline variables are a C++17 extension [-Wc++17-extensions]
  inline static void NanThrowError(v8::Handle<v8::Value> error) {
  ^
/Users/jaylee/phase4project/boardgames/node_modules/nan/nan.h:216:22: error: variable has incomplete type 'void'
  inline static void NanThrowError(v8::Handle<v8::Value> error) {
                     ^
/Users/jaylee/phase4project/boardgames/node_modules/nan/nan.h:216:40: error: no member named 'Handle' in namespace 'v8'
  inline static void NanThrowError(v8::Handle<v8::Value> error) {
                                   ~~~~^
/Users/jaylee/phase4project/boardgames/node_modules/nan/nan.h:216:56: error: expected '(' for function-style cast or type construction
  inline static void NanThrowError(v8::Handle<v8::Value> error) {
                                              ~~~~~~~~~^
/Users/jaylee/phase4project/boardgames/node_modules/nan/nan.h:216:58: error: use of undeclared identifier 'error'
  inline static void NanThrowError(v8::Handle<v8::Value> error) {
                                                         ^
/Users/jaylee/phase4project/boardgames/node_modules/nan/nan.h:216:64: error: expected ';' after top level declarator
  inline static void NanThrowError(v8::Handle<v8::Value> error) {
                                                               ^
                                                               ;
/Users/jaylee/phase4project/boardgames/node_modules/nan/nan.h:489:19: error: unknown type name 'NanCallback'
  NanAsyncWorker (NanCallback *callback) : callback(callback) {
                  ^
/Users/jaylee/phase4project/boardgames/node_modules/nan/nan.h:518:3: error: unknown type name 'uv_work_t'
  uv_work_t request;
  ^
/Users/jaylee/phase4project/boardgames/node_modules/nan/nan.h:522:3: error: unknown type name 'NanCallback'
  NanCallback *callback;
  ^
/Users/jaylee/phase4project/boardgames/node_modules/nan/nan.h:498:7: error: use of undeclared identifier 'NanDispose'
      NanDispose(persistentHandle);
      ^
/Users/jaylee/phase4project/boardgames/node_modules/nan/nan.h:528:36: error: use of undeclared identifier 'NanPersistentToLocal'
    v8::Local<v8::Object> handle = NanPersistentToLocal(persistentHandle);
                                   ^
/Users/jaylee/phase4project/boardgames/node_modules/nan/nan.h:529:17: error: no member named 'NewSymbol' in 'v8::String'
    handle->Set(NanSymbol(key), obj);
                ^~~~~~~~~~~~~~
/Users/jaylee/phase4project/boardgames/node_modules/nan/nan.h:103:38: note: expanded from macro 'NanSymbol'
#define NanSymbol(value) v8::String::NewSymbol(value)
                         ~~~~~~~~~~~~^
/Users/jaylee/phase4project/boardgames/node_modules/nan/nan.h:535:36: error: use of undeclared identifier 'NanPersistentToLocal'
    v8::Local<v8::Object> handle = NanPersistentToLocal(persistentHandle);
                                   ^
/Users/jaylee/phase4project/boardgames/node_modules/nan/nan.h:536:24: error: no member named 'NewSymbol' in 'v8::String'
    return handle->Get(NanSymbol(key)).As<v8::Object>();
                       ^~~~~~~~~~~~~~
/Users/jaylee/phase4project/boardgames/node_modules/nan/nan.h:103:38: note: expanded from macro 'NanSymbol'
#define NanSymbol(value) v8::String::NewSymbol(value)
                         ~~~~~~~~~~~~^
/Users/jaylee/phase4project/boardgames/node_modules/nan/nan.h:549:42: error: no member named 'New' in 'v8::String'
        v8::Exception::Error(v8::String::New(errmsg))
                             ~~~~~~~~~~~~^
fatal error: too many errors emitted, stopping now [-ferror-limit=]
1 warning and 20 errors generated.
make: *** [Release/obj.target/bufferutil/src/bufferutil.o] Error 1
gyp ERR! build error 
gyp ERR! stack Error: `make` failed with exit code: 2
gyp ERR! stack     at ChildProcess.onExit (/Users/jaylee/.nvm/versions/node/v16.13.0/lib/node_modules/npm/node_modules/node-gyp/lib/build.js:194:23)
gyp ERR! stack     at ChildProcess.emit (node:events:390:28)
gyp ERR! stack     at Process.ChildProcess._handle.onexit (node:internal/child_process:290:12)
gyp ERR! System Darwin 21.2.0
gyp ERR! command "/Users/jaylee/.nvm/versions/node/v16.13.0/bin/node" "/Users/jaylee/.nvm/versions/node/v16.13.0/lib/node_modules/npm/node_modules/node-gyp/bin/node-gyp.js" "rebuild"
gyp ERR! cwd /Users/jaylee/phase4project/boardgames/node_modules/ws
gyp ERR! node -v v16.13.0
gyp ERR! node-gyp -v v8.2.0
gyp ERR! not ok 
